SF:lib/weather_service.dart
DA:15,1
DA:16,1
DA:18,1
DA:19,1
DA:22,1
DA:24,3
DA:26,2
DA:27,0
DA:30,2
DA:31,2
DA:34,1
DA:35,2
DA:36,2
DA:39,1
DA:40,2
DA:42,3
DA:44,2
DA:45,0
DA:48,2
DA:49,2
DA:52,1
DA:53,4
DA:55,2
DA:56,0
DA:59,2
DA:60,4
DA:63,1
DA:64,2
DA:65,2
DA:67,1
DA:69,1
DA:72,3
DA:74,2
DA:75,0
DA:78,2
DA:79,2
LF:36
LH:32
end_of_record
SF:lib/models/location.dart
DA:13,0
DA:15,0
DA:16,0
DA:17,0
DA:18,0
DA:19,0
DA:20,0
DA:21,0
DA:22,0
DA:23,0
DA:24,0
DA:25,0
LF:12
LH:0
end_of_record
SF:lib/models/weather.dart
DA:20,0
DA:37,1
DA:38,2
DA:39,2
DA:40,2
DA:41,2
DA:42,2
DA:43,2
DA:44,2
DA:45,2
DA:46,2
DA:48,2
DA:49,2
DA:51,2
DA:52,2
DA:54,2
DA:55,2
DA:57,2
DA:58,2
DA:60,2
DA:61,2
DA:63,2
DA:64,2
DA:66,2
DA:67,2
DA:71,0
DA:72,0
DA:73,0
DA:74,0
DA:75,0
DA:76,0
DA:77,0
DA:78,0
DA:79,0
DA:80,0
DA:81,0
DA:82,0
DA:83,0
DA:84,0
DA:85,0
DA:86,0
DA:87,0
DA:97,0
DA:99,1
DA:100,2
DA:101,3
DA:102,2
DA:105,0
DA:106,0
DA:107,0
DA:108,0
DA:109,0
LF:52
LH:28
end_of_record
